[debug] [2024-05-01T22:49:42.658Z] ----------------------------------------------------------------------
[debug] [2024-05-01T22:49:42.663Z] Command:       C:\Program Files\nodejs\node.exe C:\Users\sulai\AppData\Roaming\npm\node_modules\firebase-tools\lib\bin\firebase.js init
[debug] [2024-05-01T22:49:42.663Z] CLI Version:   13.7.1
[debug] [2024-05-01T22:49:42.663Z] Platform:      win32
[debug] [2024-05-01T22:49:42.664Z] Node Version:  v20.10.0
[debug] [2024-05-01T22:49:42.664Z] Time:          Thu May 02 2024 00:49:42 GMT+0200 (South Africa Standard Time)
[debug] [2024-05-01T22:49:42.665Z] ----------------------------------------------------------------------
[debug] 
[debug] [2024-05-01T22:49:42.671Z] >>> [apiv2][query] GET https://firebase-public.firebaseio.com/cli.json [none]
[debug] [2024-05-01T22:49:42.941Z] > command requires scopes: ["email","openid","https://www.googleapis.com/auth/cloudplatformprojects.readonly","https://www.googleapis.com/auth/firebase","https://www.googleapis.com/auth/cloud-platform"]
[debug] [2024-05-01T22:49:42.942Z] > authorizing via signed-in user (smbambo912@gmail.com)
[info] 
     ######## #### ########  ######## ########     ###     ######  ########
     ##        ##  ##     ## ##       ##     ##  ##   ##  ##       ##
     ######    ##  ########  ######   ########  #########  ######  ######
     ##        ##  ##    ##  ##       ##     ## ##     ##       ## ##
     ##       #### ##     ## ######## ########  ##     ##  ######  ########

You're about to initialize a Firebase project in this directory:

  C:\Users\sulai\OneDrive\Desktop\testa\Amazon-Clone-master

Before we get started, keep in mind:

  * You are initializing within an existing Firebase project directory

[debug] [2024-05-01T22:49:44.826Z] <<< [apiv2][status] GET https://firebase-public.firebaseio.com/cli.json 200
[debug] [2024-05-01T22:49:44.827Z] <<< [apiv2][body] GET https://firebase-public.firebaseio.com/cli.json {"cloudBuildErrorAfter":1594252800000,"cloudBuildWarnAfter":1590019200000,"defaultNode10After":1594252800000,"minVersion":"3.0.5","node8DeploysDisabledAfter":1613390400000,"node8RuntimeDisabledAfter":1615809600000,"node8WarnAfter":1600128000000}
[info] 
=== Project Setup
[info] 
[info] First, let's associate this project directory with a Firebase project.
[info] You can create multiple project aliases by running firebase use --add, 
[info] but for now we'll just set up a default project.
[info] 
[debug] [2024-05-01T22:50:44.811Z] Using project from CLI flag: amaznclone-v1
[debug] [2024-05-01T22:50:44.813Z] > refreshing access token with scopes: []
[debug] [2024-05-01T22:50:44.815Z] >>> [apiv2][query] POST https://www.googleapis.com/oauth2/v3/token [none]
[debug] [2024-05-01T22:50:44.815Z] >>> [apiv2][body] POST https://www.googleapis.com/oauth2/v3/token [omitted]
[debug] [2024-05-01T22:50:45.394Z] <<< [apiv2][status] POST https://www.googleapis.com/oauth2/v3/token 200
[debug] [2024-05-01T22:50:45.394Z] <<< [apiv2][body] POST https://www.googleapis.com/oauth2/v3/token [omitted]
[debug] [2024-05-01T22:50:45.443Z] >>> [apiv2][query] GET https://firebase.googleapis.com/v1beta1/projects/amaznclone-v1 [none]
[debug] [2024-05-01T22:50:46.416Z] <<< [apiv2][status] GET https://firebase.googleapis.com/v1beta1/projects/amaznclone-v1 403
[debug] [2024-05-01T22:50:46.416Z] <<< [apiv2][body] GET https://firebase.googleapis.com/v1beta1/projects/amaznclone-v1 {"error":{"code":403,"message":"The caller does not have permission","status":"PERMISSION_DENIED"}}
[debug] [2024-05-01T22:50:46.417Z] HTTP Error: 403, The caller does not have permission
[debug] [2024-05-01T22:50:46.983Z] FirebaseError: HTTP Error: 403, The caller does not have permission
    at responseToError (C:\Users\sulai\AppData\Roaming\npm\node_modules\firebase-tools\lib\responseToError.js:49:12)
    at RetryOperation._fn (C:\Users\sulai\AppData\Roaming\npm\node_modules\firebase-tools\lib\apiv2.js:299:77)
    at process.processTicksAndRejections (node:internal/process/task_queues:95:5)
[error] 
[error] Error: Failed to get Firebase project amaznclone-v1. Please make sure the project exists and your account has permission to access it.
[debug] [2024-05-01T22:55:06.496Z] ----------------------------------------------------------------------
[debug] [2024-05-01T22:55:06.500Z] Command:       C:\Program Files\nodejs\node.exe C:\Users\sulai\AppData\Roaming\npm\node_modules\firebase-tools\lib\bin\firebase.js init
[debug] [2024-05-01T22:55:06.501Z] CLI Version:   13.7.1
[debug] [2024-05-01T22:55:06.501Z] Platform:      win32
[debug] [2024-05-01T22:55:06.501Z] Node Version:  v20.10.0
[debug] [2024-05-01T22:55:06.502Z] Time:          Thu May 02 2024 00:55:06 GMT+0200 (South Africa Standard Time)
[debug] [2024-05-01T22:55:06.502Z] ----------------------------------------------------------------------
[debug] 
[debug] [2024-05-01T22:55:06.618Z] > command requires scopes: ["email","openid","https://www.googleapis.com/auth/cloudplatformprojects.readonly","https://www.googleapis.com/auth/firebase","https://www.googleapis.com/auth/cloud-platform"]
[debug] [2024-05-01T22:55:06.618Z] > authorizing via signed-in user (smbambo912@gmail.com)
[info] 
     ######## #### ########  ######## ########     ###     ######  ########
     ##        ##  ##     ## ##       ##     ##  ##   ##  ##       ##
     ######    ##  ########  ######   ########  #########  ######  ######
     ##        ##  ##    ##  ##       ##     ## ##     ##       ## ##
     ##       #### ##     ## ######## ########  ##     ##  ######  ########

You're about to initialize a Firebase project in this directory:

  C:\Users\sulai\OneDrive\Desktop\testa\Amazon-Clone-master

Before we get started, keep in mind:

  * You are initializing within an existing Firebase project directory

[info] 
=== Project Setup
[info] 
[info] First, let's associate this project directory with a Firebase project.
[info] You can create multiple project aliases by running firebase use --add, 
[info] but for now we'll just set up a default project.
[info] 
[debug] [2024-05-01T22:55:21.277Z] Using project from CLI flag: amaznclone-v1
[debug] [2024-05-01T22:55:21.281Z] >>> [apiv2][query] GET https://firebase.googleapis.com/v1beta1/projects/amaznclone-v1 [none]
[debug] [2024-05-01T22:55:22.444Z] <<< [apiv2][status] GET https://firebase.googleapis.com/v1beta1/projects/amaznclone-v1 403
[debug] [2024-05-01T22:55:22.444Z] <<< [apiv2][body] GET https://firebase.googleapis.com/v1beta1/projects/amaznclone-v1 {"error":{"code":403,"message":"The caller does not have permission","status":"PERMISSION_DENIED"}}
[debug] [2024-05-01T22:55:22.445Z] HTTP Error: 403, The caller does not have permission
[debug] [2024-05-01T22:55:22.967Z] FirebaseError: HTTP Error: 403, The caller does not have permission
    at responseToError (C:\Users\sulai\AppData\Roaming\npm\node_modules\firebase-tools\lib\responseToError.js:49:12)
    at RetryOperation._fn (C:\Users\sulai\AppData\Roaming\npm\node_modules\firebase-tools\lib\apiv2.js:299:77)
    at process.processTicksAndRejections (node:internal/process/task_queues:95:5)
[error] 
[error] Error: Failed to get Firebase project amaznclone-v1. Please make sure the project exists and your account has permission to access it.
